<?xml version="1.0" encoding="UTF-8"?>
<!-- Generated by org.testng.reporters.JUnitXMLReporter -->
<testsuite ignored="4" hostname="dell-vostro3520" failures="0" tests="1" name="Test" time="20.527" errors="0" timestamp="2023-11-30T11:41:44 IST">
  <testcase classname="tests.OrderFlow" name="toVerifyFillingIncorrectDetails" time="11.887"/>
  <testcase classname="tests.OrderFlow" name="addProductToCart" time="0.0">
    <ignored/>
  </testcase> <!-- addProductToCart -->
  <testcase classname="tests.OrderFlow" name="toVerifyFillingCorrectDetails" time="0.0">
    <ignored/>
  </testcase> <!-- toVerifyFillingCorrectDetails -->
  <testcase classname="tests.OrderFlow" name="makeSearch" time="0.0">
    <ignored/>
  </testcase> <!-- makeSearch -->
  <testcase classname="tests.OrderFlow" name="proceedToCheckout" time="0.0">
    <ignored/>
  </testcase> <!-- proceedToCheckout -->
</testsuite> <!-- Test -->
