<?xml version="1.0" encoding="UTF-8"?>
<testng-results ignored="4" total="5" passed="1" failed="0" skipped="0">
  <reporter-output>
  </reporter-output>
  <suite started-at="2023-11-30T11:02:09 IST" name="Suite" finished-at="2023-11-30T11:02:28 IST" duration-ms="18937">
    <groups>
      <group name="errorsTest">
        <method signature="OrderFlow.toVerifyFillingIncorrectDetails()[pri:1, instance:tests.OrderFlow@23f5b5dc]" name="toVerifyFillingIncorrectDetails" class="tests.OrderFlow"/>
      </group> <!-- errorsTest -->
    </groups>
    <test started-at="2023-11-30T11:02:09 IST" name="Test" finished-at="2023-11-30T11:02:28 IST" duration-ms="18937">
      <class name="tests.OrderFlow">
        <test-method is-config="true" signature="configure()[pri:0, instance:tests.OrderFlow@23f5b5dc]" started-at="2023-11-30T11:02:09 IST" name="configure" finished-at="2023-11-30T11:02:15 IST" duration-ms="6009" status="PASS">
          <reporter-output>
          </reporter-output>
        </test-method> <!-- configure -->
        <test-method signature="toVerifyFillingIncorrectDetails()[pri:1, instance:tests.OrderFlow@23f5b5dc]" started-at="2023-11-30T11:02:15 IST" name="toVerifyFillingIncorrectDetails" finished-at="2023-11-30T11:02:28 IST" duration-ms="12425" status="PASS">
          <reporter-output>
          </reporter-output>
        </test-method> <!-- toVerifyFillingIncorrectDetails -->
        <test-method is-config="true" signature="tearDown()[pri:0, instance:tests.OrderFlow@23f5b5dc]" started-at="2023-11-30T11:02:28 IST" name="tearDown" finished-at="2023-11-30T11:02:28 IST" duration-ms="465" status="PASS">
          <reporter-output>
          </reporter-output>
        </test-method> <!-- tearDown -->
      </class> <!-- tests.OrderFlow -->
    </test> <!-- Test -->
  </suite> <!-- Suite -->
</testng-results>
